[3.511s] DEBUG:colcon:Command line arguments: ['/usr/bin/colcon', 'build']
[3.518s] DEBUG:colcon:Parsed command line arguments: Namespace(allow_overriding=[], ament_cmake_args=None, base_paths=['.'], build_base='build', catkin_cmake_args=None, catkin_skip_building_tests=False, cmake_args=None, cmake_clean_cache=False, cmake_clean_first=False, cmake_force_configure=False, cmake_target=None, cmake_target_skip_unavailable=False, continue_on_error=False, event_handlers=None, executor='parallel', ignore_user_meta=False, install_base='install', log_base=None, log_level=None, main=<bound method BuildVerb.main of <colcon_core.verb.build.BuildVerb object at 0x7f910498e0>>, merge_install=False, metas=['./colcon.meta'], packages_above=None, packages_above_and_dependencies=None, packages_above_depth=None, packages_end=None, packages_ignore=None, packages_ignore_regex=None, packages_select=None, packages_select_build_failed=False, packages_select_by_dep=None, packages_select_regex=None, packages_select_test_failures=False, packages_skip=None, packages_skip_build_finished=False, packages_skip_by_dep=None, packages_skip_regex=None, packages_skip_test_passed=False, packages_skip_up_to=None, packages_start=None, packages_up_to=None, packages_up_to_regex=None, parallel_workers=4, paths=None, symlink_install=False, test_result_base=None, verb_extension=<colcon_core.verb.build.BuildVerb object at 0x7f910498e0>, verb_name='build', verb_parser=<colcon_defaults.argument_parser.defaults.DefaultArgumentsDecorator object at 0x7f90f576d0>)
[4.910s] Level 1:colcon.colcon_core.package_discovery:discover_packages(colcon_meta) check parameters
[4.911s] Level 1:colcon.colcon_core.package_discovery:discover_packages(recursive) check parameters
[4.911s] Level 1:colcon.colcon_core.package_discovery:discover_packages(ignore) check parameters
[4.913s] Level 1:colcon.colcon_core.package_discovery:discover_packages(path) check parameters
[4.916s] Level 1:colcon.colcon_core.package_discovery:discover_packages(colcon_meta) discover
[4.917s] Level 1:colcon.colcon_core.package_discovery:discover_packages(recursive) discover
[4.917s] INFO:colcon.colcon_core.package_discovery:Crawling recursively for packages in '/media/edgeboard/15535b00-bc44-4cd4-b797-882073cf89e2/hrnet_python_ros'
[4.917s] Level 1:colcon.colcon_core.package_identification:_identify(.) by extensions ['ignore', 'ignore_ament_install']
[4.919s] Level 1:colcon.colcon_core.package_identification:_identify(.) by extension 'ignore'
[4.919s] Level 1:colcon.colcon_core.package_identification:_identify(.) by extension 'ignore_ament_install'
[4.919s] Level 1:colcon.colcon_core.package_identification:_identify(.) by extensions ['colcon_pkg']
[4.920s] Level 1:colcon.colcon_core.package_identification:_identify(.) by extension 'colcon_pkg'
[4.920s] Level 1:colcon.colcon_core.package_identification:_identify(.) by extensions ['colcon_meta']
[4.920s] Level 1:colcon.colcon_core.package_identification:_identify(.) by extension 'colcon_meta'
[4.920s] Level 1:colcon.colcon_core.package_identification:_identify(.) by extensions ['ros']
[4.920s] Level 1:colcon.colcon_core.package_identification:_identify(.) by extension 'ros'
[4.974s] Level 1:colcon.colcon_core.package_identification:_identify(.) by extensions ['cmake', 'python']
[4.975s] Level 1:colcon.colcon_core.package_identification:_identify(.) by extension 'cmake'
[4.975s] Level 1:colcon.colcon_core.package_identification:_identify(.) by extension 'python'
[4.975s] Level 1:colcon.colcon_core.package_identification:_identify(.) by extensions ['python_setup_py']
[4.976s] Level 1:colcon.colcon_core.package_identification:_identify(.) by extension 'python_setup_py'
[4.977s] Level 1:colcon.colcon_core.package_identification:_identify(build) by extensions ['ignore', 'ignore_ament_install']
[4.977s] Level 1:colcon.colcon_core.package_identification:_identify(build) by extension 'ignore'
[4.977s] Level 1:colcon.colcon_core.package_identification:_identify(build) ignored
[4.978s] Level 1:colcon.colcon_core.package_identification:_identify(install) by extensions ['ignore', 'ignore_ament_install']
[4.979s] Level 1:colcon.colcon_core.package_identification:_identify(install) by extension 'ignore'
[4.979s] Level 1:colcon.colcon_core.package_identification:_identify(install) ignored
[4.980s] Level 1:colcon.colcon_core.package_identification:_identify(log) by extensions ['ignore', 'ignore_ament_install']
[4.980s] Level 1:colcon.colcon_core.package_identification:_identify(log) by extension 'ignore'
[4.981s] Level 1:colcon.colcon_core.package_identification:_identify(log) ignored
[4.982s] Level 1:colcon.colcon_core.package_identification:_identify(src) by extensions ['ignore', 'ignore_ament_install']
[4.983s] Level 1:colcon.colcon_core.package_identification:_identify(src) by extension 'ignore'
[4.983s] Level 1:colcon.colcon_core.package_identification:_identify(src) by extension 'ignore_ament_install'
[4.984s] Level 1:colcon.colcon_core.package_identification:_identify(src) by extensions ['colcon_pkg']
[4.984s] Level 1:colcon.colcon_core.package_identification:_identify(src) by extension 'colcon_pkg'
[4.984s] Level 1:colcon.colcon_core.package_identification:_identify(src) by extensions ['colcon_meta']
[4.985s] Level 1:colcon.colcon_core.package_identification:_identify(src) by extension 'colcon_meta'
[4.987s] Level 1:colcon.colcon_core.package_identification:_identify(src) by extensions ['ros']
[4.987s] Level 1:colcon.colcon_core.package_identification:_identify(src) by extension 'ros'
[4.988s] Level 1:colcon.colcon_core.package_identification:_identify(src) by extensions ['cmake', 'python']
[4.988s] Level 1:colcon.colcon_core.package_identification:_identify(src) by extension 'cmake'
[4.989s] Level 1:colcon.colcon_core.package_identification:_identify(src) by extension 'python'
[4.990s] Level 1:colcon.colcon_core.package_identification:_identify(src) by extensions ['python_setup_py']
[4.991s] Level 1:colcon.colcon_core.package_identification:_identify(src) by extension 'python_setup_py'
[4.992s] Level 1:colcon.colcon_core.package_identification:_identify(src/hrnet_pkg) by extensions ['ignore', 'ignore_ament_install']
[4.993s] Level 1:colcon.colcon_core.package_identification:_identify(src/hrnet_pkg) by extension 'ignore'
[4.994s] Level 1:colcon.colcon_core.package_identification:_identify(src/hrnet_pkg) by extension 'ignore_ament_install'
[4.998s] Level 1:colcon.colcon_core.package_identification:_identify(src/hrnet_pkg) by extensions ['colcon_pkg']
[4.998s] Level 1:colcon.colcon_core.package_identification:_identify(src/hrnet_pkg) by extension 'colcon_pkg'
[5.000s] Level 1:colcon.colcon_core.package_identification:_identify(src/hrnet_pkg) by extensions ['colcon_meta']
[5.000s] Level 1:colcon.colcon_core.package_identification:_identify(src/hrnet_pkg) by extension 'colcon_meta'
[5.001s] Level 1:colcon.colcon_core.package_identification:_identify(src/hrnet_pkg) by extensions ['ros']
[5.001s] Level 1:colcon.colcon_core.package_identification:_identify(src/hrnet_pkg) by extension 'ros'
[5.030s] DEBUG:colcon.colcon_core.package_identification:Package 'src/hrnet_pkg' with type 'ros.ament_python' and name 'hrnet_pkg'
[5.043s] Level 1:colcon.colcon_core.package_discovery:discover_packages(recursive) using defaults
[5.044s] Level 1:colcon.colcon_core.package_discovery:discover_packages(ignore) discover
[5.044s] Level 1:colcon.colcon_core.package_discovery:discover_packages(ignore) using defaults
[5.044s] Level 1:colcon.colcon_core.package_discovery:discover_packages(path) discover
[5.044s] Level 1:colcon.colcon_core.package_discovery:discover_packages(path) using defaults
[5.167s] Level 1:colcon.colcon_core.package_discovery:discover_packages(prefix_path) check parameters
[5.167s] Level 1:colcon.colcon_core.package_discovery:discover_packages(prefix_path) discover
[5.181s] DEBUG:colcon.colcon_installed_package_information.package_discovery:Found 230 installed packages in /opt/ros/foxy
[5.193s] Level 1:colcon.colcon_core.package_discovery:discover_packages(prefix_path) using defaults
[5.883s] Level 5:colcon.colcon_core.verb:set package 'hrnet_pkg' build argument 'cmake_args' from command line to 'None'
[5.884s] Level 5:colcon.colcon_core.verb:set package 'hrnet_pkg' build argument 'cmake_target' from command line to 'None'
[5.884s] Level 5:colcon.colcon_core.verb:set package 'hrnet_pkg' build argument 'cmake_target_skip_unavailable' from command line to 'False'
[5.884s] Level 5:colcon.colcon_core.verb:set package 'hrnet_pkg' build argument 'cmake_clean_cache' from command line to 'False'
[5.884s] Level 5:colcon.colcon_core.verb:set package 'hrnet_pkg' build argument 'cmake_clean_first' from command line to 'False'
[5.884s] Level 5:colcon.colcon_core.verb:set package 'hrnet_pkg' build argument 'cmake_force_configure' from command line to 'False'
[5.884s] Level 5:colcon.colcon_core.verb:set package 'hrnet_pkg' build argument 'ament_cmake_args' from command line to 'None'
[5.884s] Level 5:colcon.colcon_core.verb:set package 'hrnet_pkg' build argument 'catkin_cmake_args' from command line to 'None'
[5.884s] Level 5:colcon.colcon_core.verb:set package 'hrnet_pkg' build argument 'catkin_skip_building_tests' from command line to 'False'
[5.885s] DEBUG:colcon.colcon_core.verb:Building package 'hrnet_pkg' with the following arguments: {'ament_cmake_args': None, 'build_base': '/media/edgeboard/15535b00-bc44-4cd4-b797-882073cf89e2/hrnet_python_ros/build/hrnet_pkg', 'catkin_cmake_args': None, 'catkin_skip_building_tests': False, 'cmake_args': None, 'cmake_clean_cache': False, 'cmake_clean_first': False, 'cmake_force_configure': False, 'cmake_target': None, 'cmake_target_skip_unavailable': False, 'install_base': '/media/edgeboard/15535b00-bc44-4cd4-b797-882073cf89e2/hrnet_python_ros/install/hrnet_pkg', 'merge_install': False, 'path': '/media/edgeboard/15535b00-bc44-4cd4-b797-882073cf89e2/hrnet_python_ros/src/hrnet_pkg', 'symlink_install': False, 'test_result_base': None}
[5.886s] INFO:colcon.colcon_core.executor:Executing jobs using 'parallel' executor
[5.900s] DEBUG:colcon.colcon_parallel_executor.executor.parallel:run_until_complete
[5.901s] INFO:colcon.colcon_ros.task.ament_python.build:Building ROS package in '/media/edgeboard/15535b00-bc44-4cd4-b797-882073cf89e2/hrnet_python_ros/src/hrnet_pkg' with build type 'ament_python'
[5.902s] Level 1:colcon.colcon_core.shell:create_environment_hook('hrnet_pkg', 'ament_prefix_path')
[5.916s] INFO:colcon.colcon_core.plugin_system:Skipping extension 'colcon_core.shell.bat': Not used on non-Windows systems
[5.917s] INFO:colcon.colcon_core.shell:Creating environment hook '/media/edgeboard/15535b00-bc44-4cd4-b797-882073cf89e2/hrnet_python_ros/install/hrnet_pkg/share/hrnet_pkg/hook/ament_prefix_path.ps1'
[5.922s] INFO:colcon.colcon_core.shell:Creating environment descriptor '/media/edgeboard/15535b00-bc44-4cd4-b797-882073cf89e2/hrnet_python_ros/install/hrnet_pkg/share/hrnet_pkg/hook/ament_prefix_path.dsv'
[5.925s] INFO:colcon.colcon_core.shell:Creating environment hook '/media/edgeboard/15535b00-bc44-4cd4-b797-882073cf89e2/hrnet_python_ros/install/hrnet_pkg/share/hrnet_pkg/hook/ament_prefix_path.sh'
[5.928s] INFO:colcon.colcon_core.shell:Skip shell extension 'powershell' for command environment: Not usable outside of PowerShell
[5.928s] DEBUG:colcon.colcon_core.shell:Skip shell extension 'dsv' for command environment
[7.399s] INFO:colcon.colcon_core.task.python.build:Building Python package in '/media/edgeboard/15535b00-bc44-4cd4-b797-882073cf89e2/hrnet_python_ros/src/hrnet_pkg'
[7.402s] INFO:colcon.colcon_core.shell:Skip shell extension 'powershell' for command environment: Not usable outside of PowerShell
[7.402s] DEBUG:colcon.colcon_core.shell:Skip shell extension 'dsv' for command environment
[8.977s] DEBUG:colcon.colcon_core.event_handler.log_command:Invoking command in '/media/edgeboard/15535b00-bc44-4cd4-b797-882073cf89e2/hrnet_python_ros/src/hrnet_pkg': PYTHONPATH=/media/edgeboard/15535b00-bc44-4cd4-b797-882073cf89e2/hrnet_python_ros/build/hrnet_pkg/prefix_override:/usr/lib/python3/dist-packages/colcon_core/task/python/colcon_distutils_commands:/media/edgeboard/15535b00-bc44-4cd4-b797-882073cf89e2/hrnet_python_ros/install/hrnet_pkg/lib/python3.8/site-packages:${PYTHONPATH} /usr/bin/python3 -W ignore:setup.py install is deprecated setup.py egg_info --egg-base ../../build/hrnet_pkg build --build-base /media/edgeboard/15535b00-bc44-4cd4-b797-882073cf89e2/hrnet_python_ros/build/hrnet_pkg/build install --record /media/edgeboard/15535b00-bc44-4cd4-b797-882073cf89e2/hrnet_python_ros/build/hrnet_pkg/install.log --install-scripts $base/lib/hrnet_pkg --single-version-externally-managed install_data
[10.296s] DEBUG:colcon.colcon_core.event_handler.log_command:Invoked command in '/media/edgeboard/15535b00-bc44-4cd4-b797-882073cf89e2/hrnet_python_ros/src/hrnet_pkg' returned '0': PYTHONPATH=/media/edgeboard/15535b00-bc44-4cd4-b797-882073cf89e2/hrnet_python_ros/build/hrnet_pkg/prefix_override:/usr/lib/python3/dist-packages/colcon_core/task/python/colcon_distutils_commands:/media/edgeboard/15535b00-bc44-4cd4-b797-882073cf89e2/hrnet_python_ros/install/hrnet_pkg/lib/python3.8/site-packages:${PYTHONPATH} /usr/bin/python3 -W ignore:setup.py install is deprecated setup.py egg_info --egg-base ../../build/hrnet_pkg build --build-base /media/edgeboard/15535b00-bc44-4cd4-b797-882073cf89e2/hrnet_python_ros/build/hrnet_pkg/build install --record /media/edgeboard/15535b00-bc44-4cd4-b797-882073cf89e2/hrnet_python_ros/build/hrnet_pkg/install.log --install-scripts $base/lib/hrnet_pkg --single-version-externally-managed install_data
[10.319s] Level 1:colcon.colcon_core.environment:checking '/media/edgeboard/15535b00-bc44-4cd4-b797-882073cf89e2/hrnet_python_ros/install/hrnet_pkg' for CMake module files
[10.321s] Level 1:colcon.colcon_core.environment:checking '/media/edgeboard/15535b00-bc44-4cd4-b797-882073cf89e2/hrnet_python_ros/install/hrnet_pkg' for CMake config files
[10.329s] Level 1:colcon.colcon_core.environment:checking '/media/edgeboard/15535b00-bc44-4cd4-b797-882073cf89e2/hrnet_python_ros/install/hrnet_pkg/lib'
[10.332s] Level 1:colcon.colcon_core.environment:checking '/media/edgeboard/15535b00-bc44-4cd4-b797-882073cf89e2/hrnet_python_ros/install/hrnet_pkg/bin'
[10.334s] Level 1:colcon.colcon_core.environment:checking '/media/edgeboard/15535b00-bc44-4cd4-b797-882073cf89e2/hrnet_python_ros/install/hrnet_pkg/lib/pkgconfig/hrnet_pkg.pc'
[10.336s] Level 1:colcon.colcon_core.environment:checking '/media/edgeboard/15535b00-bc44-4cd4-b797-882073cf89e2/hrnet_python_ros/install/hrnet_pkg/lib/python3.8/site-packages'
[10.337s] Level 1:colcon.colcon_core.shell:create_environment_hook('hrnet_pkg', 'pythonpath')
[10.339s] INFO:colcon.colcon_core.shell:Creating environment hook '/media/edgeboard/15535b00-bc44-4cd4-b797-882073cf89e2/hrnet_python_ros/install/hrnet_pkg/share/hrnet_pkg/hook/pythonpath.ps1'
[10.346s] INFO:colcon.colcon_core.shell:Creating environment descriptor '/media/edgeboard/15535b00-bc44-4cd4-b797-882073cf89e2/hrnet_python_ros/install/hrnet_pkg/share/hrnet_pkg/hook/pythonpath.dsv'
[10.351s] INFO:colcon.colcon_core.shell:Creating environment hook '/media/edgeboard/15535b00-bc44-4cd4-b797-882073cf89e2/hrnet_python_ros/install/hrnet_pkg/share/hrnet_pkg/hook/pythonpath.sh'
[10.359s] Level 1:colcon.colcon_core.environment:checking '/media/edgeboard/15535b00-bc44-4cd4-b797-882073cf89e2/hrnet_python_ros/install/hrnet_pkg/bin'
[10.361s] Level 1:colcon.colcon_core.environment:create_environment_scripts_only(hrnet_pkg)
[10.365s] INFO:colcon.colcon_core.shell:Creating package script '/media/edgeboard/15535b00-bc44-4cd4-b797-882073cf89e2/hrnet_python_ros/install/hrnet_pkg/share/hrnet_pkg/package.ps1'
[10.372s] INFO:colcon.colcon_core.shell:Creating package descriptor '/media/edgeboard/15535b00-bc44-4cd4-b797-882073cf89e2/hrnet_python_ros/install/hrnet_pkg/share/hrnet_pkg/package.dsv'
[10.381s] INFO:colcon.colcon_core.shell:Creating package script '/media/edgeboard/15535b00-bc44-4cd4-b797-882073cf89e2/hrnet_python_ros/install/hrnet_pkg/share/hrnet_pkg/package.sh'
[10.389s] INFO:colcon.colcon_core.shell:Creating package script '/media/edgeboard/15535b00-bc44-4cd4-b797-882073cf89e2/hrnet_python_ros/install/hrnet_pkg/share/hrnet_pkg/package.bash'
[10.397s] INFO:colcon.colcon_core.shell:Creating package script '/media/edgeboard/15535b00-bc44-4cd4-b797-882073cf89e2/hrnet_python_ros/install/hrnet_pkg/share/hrnet_pkg/package.zsh'
[10.411s] Level 1:colcon.colcon_core.environment:create_file_with_runtime_dependencies(/media/edgeboard/15535b00-bc44-4cd4-b797-882073cf89e2/hrnet_python_ros/install/hrnet_pkg/share/colcon-core/packages/hrnet_pkg)
[10.415s] DEBUG:colcon.colcon_parallel_executor.executor.parallel:closing loop
[10.418s] DEBUG:colcon.colcon_parallel_executor.executor.parallel:loop closed
[10.419s] DEBUG:colcon.colcon_parallel_executor.executor.parallel:run_until_complete finished with '0'
[10.421s] DEBUG:colcon.colcon_core.event_reactor:joining thread
[10.491s] INFO:colcon.colcon_core.plugin_system:Skipping extension 'colcon_notification.desktop_notification.notify_send': Could not find 'notify-send'
[10.491s] INFO:colcon.colcon_core.plugin_system:Skipping extension 'colcon_notification.desktop_notification.terminal_notifier': Not used on non-Darwin systems
[10.492s] INFO:colcon.colcon_core.plugin_system:Skipping extension 'colcon_notification.desktop_notification.win32': Not used on non-Windows systems
[10.492s] INFO:colcon.colcon_notification.desktop_notification:Sending desktop notification using 'notify2'
[10.505s] DEBUG:colcon.colcon_notification.desktop_notification.notify2:Failed to initialize notify2: org.freedesktop.DBus.Error.ServiceUnknown: The name org.freedesktop.Notifications was not provided by any .service files
[10.506s] DEBUG:colcon.colcon_core.event_reactor:joined thread
[10.507s] INFO:colcon.colcon_core.shell:Creating prefix script '/media/edgeboard/15535b00-bc44-4cd4-b797-882073cf89e2/hrnet_python_ros/install/local_setup.ps1'
[10.511s] INFO:colcon.colcon_core.shell:Creating prefix util module '/media/edgeboard/15535b00-bc44-4cd4-b797-882073cf89e2/hrnet_python_ros/install/_local_setup_util_ps1.py'
[10.520s] INFO:colcon.colcon_core.shell:Creating prefix chain script '/media/edgeboard/15535b00-bc44-4cd4-b797-882073cf89e2/hrnet_python_ros/install/setup.ps1'
[10.533s] INFO:colcon.colcon_core.shell:Creating prefix script '/media/edgeboard/15535b00-bc44-4cd4-b797-882073cf89e2/hrnet_python_ros/install/local_setup.sh'
[10.537s] INFO:colcon.colcon_core.shell:Creating prefix util module '/media/edgeboard/15535b00-bc44-4cd4-b797-882073cf89e2/hrnet_python_ros/install/_local_setup_util_sh.py'
[10.541s] INFO:colcon.colcon_core.shell:Creating prefix chain script '/media/edgeboard/15535b00-bc44-4cd4-b797-882073cf89e2/hrnet_python_ros/install/setup.sh'
[10.549s] INFO:colcon.colcon_core.shell:Creating prefix script '/media/edgeboard/15535b00-bc44-4cd4-b797-882073cf89e2/hrnet_python_ros/install/local_setup.bash'
[10.568s] INFO:colcon.colcon_core.shell:Creating prefix chain script '/media/edgeboard/15535b00-bc44-4cd4-b797-882073cf89e2/hrnet_python_ros/install/setup.bash'
[10.577s] INFO:colcon.colcon_core.shell:Creating prefix script '/media/edgeboard/15535b00-bc44-4cd4-b797-882073cf89e2/hrnet_python_ros/install/local_setup.zsh'
[10.582s] INFO:colcon.colcon_core.shell:Creating prefix chain script '/media/edgeboard/15535b00-bc44-4cd4-b797-882073cf89e2/hrnet_python_ros/install/setup.zsh'
