[1.602s] Invoking command in '/media/edgeboard/15535b00-bc44-4cd4-b797-882073cf89e2/hrnet_python_ros/src/hrnet_pkg': PYTHONPATH=/media/edgeboard/15535b00-bc44-4cd4-b797-882073cf89e2/hrnet_python_ros/build/hrnet_pkg/prefix_override:/usr/lib/python3/dist-packages/colcon_core/task/python/colcon_distutils_commands:/media/edgeboard/15535b00-bc44-4cd4-b797-882073cf89e2/hrnet_python_ros/install/hrnet_pkg/lib/python3.8/site-packages:${PYTHONPATH} /usr/bin/python3 -W ignore:setup.py install is deprecated setup.py egg_info --egg-base ../../build/hrnet_pkg build --build-base /media/edgeboard/15535b00-bc44-4cd4-b797-882073cf89e2/hrnet_python_ros/build/hrnet_pkg/build install --record /media/edgeboard/15535b00-bc44-4cd4-b797-882073cf89e2/hrnet_python_ros/build/hrnet_pkg/install.log --install-scripts $base/lib/hrnet_pkg --single-version-externally-managed install_data
[2.111s] running egg_info
[2.113s] writing ../../build/hrnet_pkg/hrnet_pkg.egg-info/PKG-INFO
[2.113s] writing dependency_links to ../../build/hrnet_pkg/hrnet_pkg.egg-info/dependency_links.txt
[2.114s] writing entry points to ../../build/hrnet_pkg/hrnet_pkg.egg-info/entry_points.txt
[2.114s] writing requirements to ../../build/hrnet_pkg/hrnet_pkg.egg-info/requires.txt
[2.115s] writing top-level names to ../../build/hrnet_pkg/hrnet_pkg.egg-info/top_level.txt
[2.216s] reading manifest file '../../build/hrnet_pkg/hrnet_pkg.egg-info/SOURCES.txt'
[2.219s] writing manifest file '../../build/hrnet_pkg/hrnet_pkg.egg-info/SOURCES.txt'
[2.219s] running build
[2.220s] running build_py
[2.220s] copying hrnet_pkg/control_topic.py -> /media/edgeboard/15535b00-bc44-4cd4-b797-882073cf89e2/hrnet_python_ros/build/hrnet_pkg/build/lib/hrnet_pkg
[2.221s] running install
[2.223s] running install_lib
[2.226s] copying /media/edgeboard/15535b00-bc44-4cd4-b797-882073cf89e2/hrnet_python_ros/build/hrnet_pkg/build/lib/hrnet_pkg/control_topic.py -> /media/edgeboard/15535b00-bc44-4cd4-b797-882073cf89e2/hrnet_python_ros/install/hrnet_pkg/lib/python3.8/site-packages/hrnet_pkg
[2.227s] byte-compiling /media/edgeboard/15535b00-bc44-4cd4-b797-882073cf89e2/hrnet_python_ros/install/hrnet_pkg/lib/python3.8/site-packages/hrnet_pkg/control_topic.py to control_topic.cpython-38.pyc
[2.232s] running install_data
[2.233s] running install_egg_info
[2.238s] removing '/media/edgeboard/15535b00-bc44-4cd4-b797-882073cf89e2/hrnet_python_ros/install/hrnet_pkg/lib/python3.8/site-packages/hrnet_pkg-0.0.0-py3.8.egg-info' (and everything under it)
[2.239s] Copying ../../build/hrnet_pkg/hrnet_pkg.egg-info to /media/edgeboard/15535b00-bc44-4cd4-b797-882073cf89e2/hrnet_python_ros/install/hrnet_pkg/lib/python3.8/site-packages/hrnet_pkg-0.0.0-py3.8.egg-info
[2.242s] running install_scripts
[2.294s] Installing Hrnet_pub script to /media/edgeboard/15535b00-bc44-4cd4-b797-882073cf89e2/hrnet_python_ros/install/hrnet_pkg/lib/hrnet_pkg
[2.294s] Installing turtle_controller script to /media/edgeboard/15535b00-bc44-4cd4-b797-882073cf89e2/hrnet_python_ros/install/hrnet_pkg/lib/hrnet_pkg
[2.295s] writing list of installed files to '/media/edgeboard/15535b00-bc44-4cd4-b797-882073cf89e2/hrnet_python_ros/build/hrnet_pkg/install.log'
[2.385s] Invoked command in '/media/edgeboard/15535b00-bc44-4cd4-b797-882073cf89e2/hrnet_python_ros/src/hrnet_pkg' returned '0': PYTHONPATH=/media/edgeboard/15535b00-bc44-4cd4-b797-882073cf89e2/hrnet_python_ros/build/hrnet_pkg/prefix_override:/usr/lib/python3/dist-packages/colcon_core/task/python/colcon_distutils_commands:/media/edgeboard/15535b00-bc44-4cd4-b797-882073cf89e2/hrnet_python_ros/install/hrnet_pkg/lib/python3.8/site-packages:${PYTHONPATH} /usr/bin/python3 -W ignore:setup.py install is deprecated setup.py egg_info --egg-base ../../build/hrnet_pkg build --build-base /media/edgeboard/15535b00-bc44-4cd4-b797-882073cf89e2/hrnet_python_ros/build/hrnet_pkg/build install --record /media/edgeboard/15535b00-bc44-4cd4-b797-882073cf89e2/hrnet_python_ros/build/hrnet_pkg/install.log --install-scripts $base/lib/hrnet_pkg --single-version-externally-managed install_data
