[1.814s] Invoking command in '/media/edgeboard/15535b00-bc44-4cd4-b797-882073cf89e2/hrnet_python_ros/src/hrnet_pkg': PYTHONPATH=/media/edgeboard/15535b00-bc44-4cd4-b797-882073cf89e2/hrnet_python_ros/build/hrnet_pkg/prefix_override:/usr/lib/python3/dist-packages/colcon_core/task/python/colcon_distutils_commands:/media/edgeboard/15535b00-bc44-4cd4-b797-882073cf89e2/hrnet_python_ros/install/hrnet_pkg/lib/python3.8/site-packages:${PYTHONPATH} /usr/bin/python3 -W ignore:setup.py install is deprecated setup.py egg_info --egg-base ../../build/hrnet_pkg build --build-base /media/edgeboard/15535b00-bc44-4cd4-b797-882073cf89e2/hrnet_python_ros/build/hrnet_pkg/build install --record /media/edgeboard/15535b00-bc44-4cd4-b797-882073cf89e2/hrnet_python_ros/build/hrnet_pkg/install.log --install-scripts $base/lib/hrnet_pkg --single-version-externally-managed install_data
[2.401s] running egg_info
[2.404s] writing ../../build/hrnet_pkg/hrnet_pkg.egg-info/PKG-INFO
[2.405s] writing dependency_links to ../../build/hrnet_pkg/hrnet_pkg.egg-info/dependency_links.txt
[2.407s] writing entry points to ../../build/hrnet_pkg/hrnet_pkg.egg-info/entry_points.txt
[2.407s] writing requirements to ../../build/hrnet_pkg/hrnet_pkg.egg-info/requires.txt
[2.407s] writing top-level names to ../../build/hrnet_pkg/hrnet_pkg.egg-info/top_level.txt
[2.515s] reading manifest file '../../build/hrnet_pkg/hrnet_pkg.egg-info/SOURCES.txt'
[2.520s] writing manifest file '../../build/hrnet_pkg/hrnet_pkg.egg-info/SOURCES.txt'
[2.521s] running build
[2.522s] running build_py
[2.523s] copying hrnet_pkg/infer_demo_vedio.py -> /media/edgeboard/15535b00-bc44-4cd4-b797-882073cf89e2/hrnet_python_ros/build/hrnet_pkg/build/lib/hrnet_pkg
[2.524s] copying hrnet_pkg/control_topic.py -> /media/edgeboard/15535b00-bc44-4cd4-b797-882073cf89e2/hrnet_python_ros/build/hrnet_pkg/build/lib/hrnet_pkg
[2.525s] running install
[2.527s] running install_lib
[2.531s] copying /media/edgeboard/15535b00-bc44-4cd4-b797-882073cf89e2/hrnet_python_ros/build/hrnet_pkg/build/lib/hrnet_pkg/infer_demo_vedio.py -> /media/edgeboard/15535b00-bc44-4cd4-b797-882073cf89e2/hrnet_python_ros/install/hrnet_pkg/lib/python3.8/site-packages/hrnet_pkg
[2.532s] copying /media/edgeboard/15535b00-bc44-4cd4-b797-882073cf89e2/hrnet_python_ros/build/hrnet_pkg/build/lib/hrnet_pkg/control_topic.py -> /media/edgeboard/15535b00-bc44-4cd4-b797-882073cf89e2/hrnet_python_ros/install/hrnet_pkg/lib/python3.8/site-packages/hrnet_pkg
[2.534s] byte-compiling /media/edgeboard/15535b00-bc44-4cd4-b797-882073cf89e2/hrnet_python_ros/install/hrnet_pkg/lib/python3.8/site-packages/hrnet_pkg/infer_demo_vedio.py to infer_demo_vedio.cpython-38.pyc
[2.540s] byte-compiling /media/edgeboard/15535b00-bc44-4cd4-b797-882073cf89e2/hrnet_python_ros/install/hrnet_pkg/lib/python3.8/site-packages/hrnet_pkg/control_topic.py to control_topic.cpython-38.pyc
[2.542s] running install_data
[2.544s] copying hrnet_pkg/hrnet/utils.py -> /media/edgeboard/15535b00-bc44-4cd4-b797-882073cf89e2/hrnet_python_ros/install/hrnet_pkg/lib/python3.8/site-packages/hrnet_pkg/hrnet
[2.545s] running install_egg_info
[2.551s] removing '/media/edgeboard/15535b00-bc44-4cd4-b797-882073cf89e2/hrnet_python_ros/install/hrnet_pkg/lib/python3.8/site-packages/hrnet_pkg-0.0.0-py3.8.egg-info' (and everything under it)
[2.553s] Copying ../../build/hrnet_pkg/hrnet_pkg.egg-info to /media/edgeboard/15535b00-bc44-4cd4-b797-882073cf89e2/hrnet_python_ros/install/hrnet_pkg/lib/python3.8/site-packages/hrnet_pkg-0.0.0-py3.8.egg-info
[2.557s] running install_scripts
[2.607s] Installing Hrnet_pub script to /media/edgeboard/15535b00-bc44-4cd4-b797-882073cf89e2/hrnet_python_ros/install/hrnet_pkg/lib/hrnet_pkg
[2.608s] Installing turtle_controller script to /media/edgeboard/15535b00-bc44-4cd4-b797-882073cf89e2/hrnet_python_ros/install/hrnet_pkg/lib/hrnet_pkg
[2.609s] writing list of installed files to '/media/edgeboard/15535b00-bc44-4cd4-b797-882073cf89e2/hrnet_python_ros/build/hrnet_pkg/install.log'
[2.698s] Invoked command in '/media/edgeboard/15535b00-bc44-4cd4-b797-882073cf89e2/hrnet_python_ros/src/hrnet_pkg' returned '0': PYTHONPATH=/media/edgeboard/15535b00-bc44-4cd4-b797-882073cf89e2/hrnet_python_ros/build/hrnet_pkg/prefix_override:/usr/lib/python3/dist-packages/colcon_core/task/python/colcon_distutils_commands:/media/edgeboard/15535b00-bc44-4cd4-b797-882073cf89e2/hrnet_python_ros/install/hrnet_pkg/lib/python3.8/site-packages:${PYTHONPATH} /usr/bin/python3 -W ignore:setup.py install is deprecated setup.py egg_info --egg-base ../../build/hrnet_pkg build --build-base /media/edgeboard/15535b00-bc44-4cd4-b797-882073cf89e2/hrnet_python_ros/build/hrnet_pkg/build install --record /media/edgeboard/15535b00-bc44-4cd4-b797-882073cf89e2/hrnet_python_ros/build/hrnet_pkg/install.log --install-scripts $base/lib/hrnet_pkg --single-version-externally-managed install_data
